# JRE version: OpenJDK Runtime Environment (21.0.1+12) (build 21.0.1+12-29)
# Java VM: OpenJDK 64-Bit Server VM (21.0.1+12-29, mixed mode, emulated-client, sharing, tiered, compressed oops, compressed class ptrs, g1 gc, windows-amd64)
GC Precious Log:
 CardTable entry size: 512
 Card Set container configuration: InlinePtr #cards 4 size 8 Array Of Cards #cards 16 size 48 Howl #buckets 8 coarsen threshold 3686 Howl Bitmap #cards 512 size 80 coarsen threshold 460 Card regions per heap region 1 cards per card region 4096
 CPUs: 16 total, 16 available
 Memory: 16163M
 Large Page Support: Disabled
 NUMA Support: Disabled
 Compressed Oops: Enabled (Zero based)
 Heap Region Size: 2M
 Heap Min Capacity: 8M
 Heap Initial Capacity: 254M
 Heap Max Capacity: 4042M
 Pre-touch: Disabled
 Parallel Workers: 13
 Concurrent Workers: 3
 Concurrent Refinement Workers: 13
 Periodic GC: Disabled
Heap:
 garbage-first heap   total 157696K, used 63528K [0x0000000703600000, 0x0000000800000000)
  region size 2048K, 24 young (49152K), 2 survivors (4096K)
 Metaspace       used 35738K, committed 36416K, reserved 1114112K
  class space    used 5090K, committed 5440K, reserved 1048576K
GC Heap History (16 events):
Event: 0.371 GC heap before
{Heap before GC invocations=0 (full 0):
 garbage-first heap   total 260096K, used 20480K [0x0000000703600000, 0x0000000800000000)
  region size 2048K, 11 young (22528K), 0 survivors (0K)
 Metaspace       used 6497K, committed 6720K, reserved 1114112K
  class space    used 771K, committed 896K, reserved 1048576K
}
Event: 0.377 GC heap after
{Heap after GC invocations=1 (full 0):
 garbage-first heap   total 260096K, used 6525K [0x0000000703600000, 0x0000000800000000)
  region size 2048K, 2 young (4096K), 2 survivors (4096K)
 Metaspace       used 6497K, committed 6720K, reserved 1114112K
  class space    used 771K, committed 896K, reserved 1048576K
}
Event: 0.684 GC heap before
{Heap before GC invocations=1 (full 0):
 garbage-first heap   total 260096K, used 35197K [0x0000000703600000, 0x0000000800000000)
  region size 2048K, 16 young (32768K), 2 survivors (4096K)
 Metaspace       used 11783K, committed 12160K, reserved 1114112K
  class space    used 1594K, committed 1792K, reserved 1048576K
}
Event: 0.687 GC heap after
{Heap after GC invocations=2 (full 0):
 garbage-first heap   total 260096K, used 8632K [0x0000000703600000, 0x0000000800000000)
  region size 2048K, 2 young (4096K), 2 survivors (4096K)
 Metaspace       used 11783K, committed 12160K, reserved 1114112K
  class space    used 1594K, committed 1792K, reserved 1048576K
}
Event: 0.766 GC heap before
{Heap before GC invocations=2 (full 0):
 garbage-first heap   total 260096K, used 22968K [0x0000000703600000, 0x0000000800000000)
  region size 2048K, 11 young (22528K), 2 survivors (4096K)
 Metaspace       used 15744K, committed 16064K, reserved 1114112K
  class space    used 2049K, committed 2176K, reserved 1048576K
}
Event: 0.768 GC heap after
{Heap after GC invocations=3 (full 0):
 garbage-first heap   total 260096K, used 9909K [0x0000000703600000, 0x0000000800000000)
  region size 2048K, 2 young (4096K), 2 survivors (4096K)
 Metaspace       used 15744K, committed 16064K, reserved 1114112K
  class space    used 2049K, committed 2176K, reserved 1048576K
}
Event: 0.933 GC heap before
{Heap before GC invocations=4 (full 0):
 garbage-first heap   total 55296K, used 38581K [0x0000000703600000, 0x0000000800000000)
  region size 2048K, 16 young (32768K), 2 survivors (4096K)
 Metaspace       used 19934K, committed 20288K, reserved 1114112K
  class space    used 2599K, committed 2752K, reserved 1048576K
}
Event: 0.936 GC heap after
{Heap after GC invocations=5 (full 0):
 garbage-first heap   total 55296K, used 12572K [0x0000000703600000, 0x0000000800000000)
  region size 2048K, 2 young (4096K), 2 survivors (4096K)
 Metaspace       used 19934K, committed 20288K, reserved 1114112K
  class space    used 2599K, committed 2752K, reserved 1048576K
}
Event: 1.113 GC heap before
{Heap before GC invocations=5 (full 0):
 garbage-first heap   total 55296K, used 41244K [0x0000000703600000, 0x0000000800000000)
  region size 2048K, 16 young (32768K), 2 survivors (4096K)
 Metaspace       used 21328K, committed 21760K, reserved 1114112K
  class space    used 2821K, committed 3008K, reserved 1048576K
}
Event: 1.115 GC heap after
{Heap after GC invocations=6 (full 0):
 garbage-first heap   total 55296K, used 15012K [0x0000000703600000, 0x0000000800000000)
  region size 2048K, 2 young (4096K), 2 survivors (4096K)
 Metaspace       used 21328K, committed 21760K, reserved 1114112K
  class space    used 2821K, committed 3008K, reserved 1048576K
}
Event: 1.317 GC heap before
{Heap before GC invocations=6 (full 0):
 garbage-first heap   total 55296K, used 41636K [0x0000000703600000, 0x0000000800000000)
  region size 2048K, 15 young (30720K), 2 survivors (4096K)
 Metaspace       used 23561K, committed 24000K, reserved 1114112K
  class space    used 3169K, committed 3328K, reserved 1048576K
}
Event: 1.319 GC heap after
{Heap after GC invocations=7 (full 0):
 garbage-first heap   total 55296K, used 16915K [0x0000000703600000, 0x0000000800000000)
  region size 2048K, 1 young (2048K), 1 survivors (2048K)
 Metaspace       used 23561K, committed 24000K, reserved 1114112K
  class space    used 3169K, committed 3328K, reserved 1048576K
}
Event: 1.486 GC heap before
{Heap before GC invocations=7 (full 0):
 garbage-first heap   total 55296K, used 35347K [0x0000000703600000, 0x0000000800000000)
  region size 2048K, 11 young (22528K), 1 survivors (2048K)
 Metaspace       used 26592K, committed 27136K, reserved 1114112K
  class space    used 3609K, committed 3904K, reserved 1048576K
}
Event: 1.488 GC heap after
{Heap after GC invocations=8 (full 0):
 garbage-first heap   total 55296K, used 18539K [0x0000000703600000, 0x0000000800000000)
  region size 2048K, 2 young (4096K), 2 survivors (4096K)
 Metaspace       used 26592K, committed 27136K, reserved 1114112K
  class space    used 3609K, committed 3904K, reserved 1048576K
}
Event: 1.687 GC heap before
{Heap before GC invocations=9 (full 0):
 garbage-first heap   total 55296K, used 41067K [0x0000000703600000, 0x0000000800000000)
  region size 2048K, 14 young (28672K), 2 survivors (4096K)
 Metaspace       used 29627K, committed 30208K, reserved 1114112K
  class space    used 4048K, committed 4288K, reserved 1048576K
}
Event: 1.689 GC heap after
{Heap after GC invocations=10 (full 0):
 garbage-first heap   total 157696K, used 20520K [0x0000000703600000, 0x0000000800000000)
  region size 2048K, 2 young (4096K), 2 survivors (4096K)
 Metaspace       used 29627K, committed 30208K, reserved 1114112K
  class space    used 4048K, committed 4288K, reserved 1048576K
}

